2026-04-06 17:38:23 [INFO] client ó Upload plan received. Pushing chunks to storage nodes Ö
2026-04-06 17:39:56 [INFO] client ó Upload plan received. Pushing chunks to storage nodes Ö
2026-04-06 17:39:56 [INFO] client ó Upload complete: {'status': 'OK'}
2026-04-06 17:40:47 [INFO] client ó Download plan for 'sample1.txt': 1 chunk(s)
2026-04-06 18:14:28 [INFO] client ó Upload plan received. Pushing chunks to storage nodes Ö
2026-04-06 18:14:28 [INFO] client ó Upload complete: {'status': 'OK'}
2026-04-06 18:15:09 [INFO] client ó Download plan for 'sample1.txt': 1 chunk(s)
2026-04-06 18:23:23 [INFO] client ó Upload plan received. Pushing chunks to storage nodes Ö
2026-04-06 18:23:23 [INFO] client ó   [OK] sample2_chunk_0 stored on 3 node(s)
2026-04-06 18:23:23 [INFO] client ó Upload complete: {'status': 'OK'}
2026-04-06 18:23:44 [INFO] client ó Download plan for 'sample2.jpg': 1 chunk(s)
2026-04-06 18:23:44 [INFO] client ó   [OK] sample2_chunk_0 <- 127.0.0.1:9101
2026-04-06 18:24:46 [ERROR] client ó File not found: test_files/sample3.txt
2026-04-06 18:24:58 [INFO] client ó Upload plan received. Pushing chunks to storage nodes Ö
2026-04-06 18:24:58 [INFO] client ó Upload complete: {'status': 'OK'}
2026-04-06 18:33:54 [INFO] client ó Upload plan received. Pushing chunks to storage nodes Ö
2026-04-06 18:33:54 [INFO] client ó   [OK] sample4_chunk_0 stored on 3 node(s)
2026-04-06 18:33:54 [INFO] client ó Upload complete: {'status': 'OK'}
2026-04-06 18:34:45 [INFO] client ó Download plan for 'sample4.txt': 1 chunk(s)
2026-04-06 18:34:45 [INFO] client ó   [OK] sample4_chunk_0 <- 127.0.0.1:9100
