2026-04-06 17:16:15 [INFO] node3 ó Node 3 starting on port 9102 (storage: nodes\storage\node3)
2026-04-06 17:16:15 [INFO] node3 ó Node 3 ready ó listening on port 9102
2026-04-06 17:18:11 [INFO] node3 ó Node 3 starting on port 9102 (storage: nodes\storage\node3)
2026-04-06 17:18:11 [INFO] node3 ó Node 3 ready ó listening on port 9102
2026-04-06 17:26:10 [INFO] node3 ó Node 3 starting on port 9102 (storage: nodes\storage\node3)
2026-04-06 17:26:10 [INFO] node3 ó Node 3 ready ó listening on port 9102
2026-04-06 17:28:19 [INFO] node3 ó Node 3 starting on port 9102 (storage: nodes\storage\node3)
2026-04-06 17:28:19 [INFO] node3 ó Node 3 ready ó listening on port 9102
2026-04-06 17:30:16 [DEBUG] node3 ó Heartbeat to master failed: [WinError 10061] No connection could be made because the target machine actively refused it
2026-04-06 17:32:25 [INFO] node3 ó Node 3 starting on port 9102 (storage: nodes\storage\node3)
2026-04-06 17:32:25 [INFO] node3 ó Node 3 ready ó listening on port 9102
2026-04-06 17:32:35 [DEBUG] node3 ó Heartbeat to master failed: timed out
2026-04-06 17:32:45 [DEBUG] node3 ó Heartbeat to master failed: timed out
2026-04-06 17:32:55 [DEBUG] node3 ó Heartbeat to master failed: timed out
2026-04-06 17:33:05 [DEBUG] node3 ó Heartbeat to master failed: timed out
2026-04-06 17:33:15 [DEBUG] node3 ó Heartbeat to master failed: timed out
2026-04-06 17:33:25 [DEBUG] node3 ó Heartbeat to master failed: timed out
2026-04-06 17:33:35 [DEBUG] node3 ó Heartbeat to master failed: timed out
2026-04-06 17:33:45 [DEBUG] node3 ó Heartbeat to master failed: timed out
2026-04-06 17:33:55 [DEBUG] node3 ó Heartbeat to master failed: timed out
2026-04-06 17:34:05 [DEBUG] node3 ó Heartbeat to master failed: timed out
2026-04-06 17:34:15 [DEBUG] node3 ó Heartbeat to master failed: timed out
2026-04-06 17:34:25 [DEBUG] node3 ó Heartbeat to master failed: timed out
2026-04-06 17:34:35 [DEBUG] node3 ó Heartbeat to master failed: timed out
2026-04-06 17:34:41 [DEBUG] node3 ó Heartbeat to master failed: [WinError 10054] An existing connection was forcibly closed by the remote host
2026-04-06 17:38:06 [INFO] node3 ó Node 3 starting on port 9102 (storage: nodes\storage\node3)
2026-04-06 17:38:06 [INFO] node3 ó Node 3 ready ó listening on port 9102
2026-04-06 17:39:24 [DEBUG] node3 ó Heartbeat to master failed: [WinError 10061] No connection could be made because the target machine actively refused it
2026-04-06 17:39:42 [INFO] node3 ó Node 3 starting on port 9102 (storage: nodes\storage\node3)
2026-04-06 17:39:42 [INFO] node3 ó Node 3 ready ó listening on port 9102
2026-04-06 17:39:56 [DEBUG] node3 ó Stored chunk sample1_chunk_0 (129 bytes)
2026-04-06 17:42:33 [DEBUG] node3 ó Heartbeat to master failed: timed out
2026-04-06 17:42:43 [DEBUG] node3 ó Heartbeat to master failed: timed out
2026-04-06 17:42:53 [DEBUG] node3 ó Heartbeat to master failed: timed out
2026-04-06 17:43:03 [DEBUG] node3 ó Heartbeat to master failed: timed out
2026-04-06 17:43:13 [DEBUG] node3 ó Heartbeat to master failed: timed out
2026-04-06 17:43:23 [DEBUG] node3 ó Heartbeat to master failed: timed out
2026-04-06 17:43:33 [DEBUG] node3 ó Heartbeat to master failed: timed out
2026-04-06 17:43:43 [DEBUG] node3 ó Heartbeat to master failed: timed out
2026-04-06 17:43:53 [DEBUG] node3 ó Heartbeat to master failed: timed out
2026-04-06 18:12:24 [INFO] node3 ó Node 3 starting on port 9102 (storage: nodes\storage\node3)
2026-04-06 18:12:24 [INFO] node3 ó Node 3 ready ó listening on port 9102
2026-04-06 18:14:28 [DEBUG] node3 ó Stored chunk sample1_chunk_0 (129 bytes)
2026-04-06 18:18:15 [DEBUG] node3 ó Heartbeat to master failed: timed out
2026-04-06 18:18:25 [DEBUG] node3 ó Heartbeat to master failed: timed out
2026-04-06 18:18:35 [DEBUG] node3 ó Heartbeat to master failed: timed out
2026-04-06 18:18:46 [DEBUG] node3 ó Heartbeat to master failed: timed out
2026-04-06 18:18:56 [DEBUG] node3 ó Heartbeat to master failed: timed out
2026-04-06 18:19:06 [DEBUG] node3 ó Heartbeat to master failed: timed out
2026-04-06 18:19:16 [DEBUG] node3 ó Heartbeat to master failed: timed out
2026-04-06 18:19:26 [DEBUG] node3 ó Heartbeat to master failed: timed out
2026-04-06 18:19:36 [DEBUG] node3 ó Heartbeat to master failed: timed out
2026-04-06 18:19:46 [DEBUG] node3 ó Heartbeat to master failed: timed out
2026-04-06 18:19:56 [DEBUG] node3 ó Heartbeat to master failed: timed out
2026-04-06 18:20:06 [DEBUG] node3 ó Heartbeat to master failed: timed out
2026-04-06 18:20:16 [DEBUG] node3 ó Heartbeat to master failed: timed out
2026-04-06 18:20:26 [DEBUG] node3 ó Heartbeat to master failed: timed out
2026-04-06 18:20:36 [DEBUG] node3 ó Heartbeat to master failed: timed out
2026-04-06 18:20:46 [DEBUG] node3 ó Heartbeat to master failed: timed out
2026-04-06 18:20:56 [DEBUG] node3 ó Heartbeat to master failed: timed out
2026-04-06 18:21:06 [DEBUG] node3 ó Heartbeat to master failed: timed out
2026-04-06 18:21:16 [DEBUG] node3 ó Heartbeat to master failed: timed out
2026-04-06 18:21:26 [DEBUG] node3 ó Heartbeat to master failed: timed out
2026-04-06 18:21:36 [DEBUG] node3 ó Heartbeat to master failed: timed out
2026-04-06 18:21:46 [DEBUG] node3 ó Heartbeat to master failed: timed out
2026-04-06 18:21:56 [DEBUG] node3 ó Heartbeat to master failed: timed out
2026-04-06 18:22:06 [DEBUG] node3 ó Heartbeat to master failed: timed out
2026-04-06 18:22:16 [DEBUG] node3 ó Heartbeat to master failed: timed out
2026-04-06 18:22:26 [DEBUG] node3 ó Heartbeat to master failed: timed out
2026-04-06 18:22:33 [DEBUG] node3 ó Heartbeat to master failed: [WinError 10061] No connection could be made because the target machine actively refused it
2026-04-06 18:22:44 [INFO] node3 ó Node 3 starting on port 9102 (storage: nodes\storage\node3)
2026-04-06 18:22:44 [INFO] node3 ó Node 3 ready ó listening on port 9102
2026-04-06 18:23:23 [DEBUG] node3 ó Stored chunk sample2_chunk_0 (2052 bytes)
2026-04-06 18:31:00 [INFO] node3 ó Node 3 starting on port 9102 (storage: nodes\storage\node3)
2026-04-06 18:31:00 [INFO] node3 ó Node 3 ready ó listening on port 9102
2026-04-06 18:31:35 [DEBUG] node3 ó Heartbeat to master failed: timed out
2026-04-06 18:33:54 [DEBUG] node3 ó Stored chunk sample4_chunk_0 (129 bytes)
2026-04-06 18:36:07 [DEBUG] node3 ó Heartbeat to master failed: timed out
